d:\repos\centennialtest\cxstoreengagementsdkfeatures\x64\debug\pch.pch
d:\repos\centennialtest\cxstoreengagementsdkfeatures\x64\debug\vc141.pdb
d:\repos\centennialtest\cxstoreengagementsdkfeatures\x64\debug\vc141.idb
d:\repos\centennialtest\cxstoreengagementsdkfeatures\x64\debug\pch.obj
d:\repos\centennialtest\cxstoreengagementsdkfeatures\x64\debug\wrapper.obj
d:\repos\centennialtest\x64\debug\cxstoreengagementsdkfeatures\cxstoreengagementsdkfeatures.winmd
d:\repos\centennialtest\x64\debug\cxstoreengagementsdkfeatures\cxstoreengagementsdkfeatures.lib
d:\repos\centennialtest\x64\debug\cxstoreengagementsdkfeatures\cxstoreengagementsdkfeatures.exp
d:\repos\centennialtest\cxstoreengagementsdkfeatures\x64\debug\cxstoreengagementsdkfeatures.vcxprojassemblyreference.cache
d:\repos\centennialtest\cxstoreengagementsdkfeatures\x64\debug\priconfig.xml
d:\repos\centennialtest\cxstoreengagementsdkfeatures\x64\debug\priconfig.xml.intermediate
d:\repos\centennialtest\cxstoreengagementsdkfeatures\x64\debug\unfiltered.layout.resfiles
d:\repos\centennialtest\cxstoreengagementsdkfeatures\x64\debug\unfiltered.layout.resfiles.intermediate
d:\repos\centennialtest\cxstoreengagementsdkfeatures\x64\debug\filtered.layout.resfiles
d:\repos\centennialtest\cxstoreengagementsdkfeatures\x64\debug\filtered.layout.resfiles.intermediate
d:\repos\centennialtest\cxstoreengagementsdkfeatures\x64\debug\excluded.layout.resfiles
d:\repos\centennialtest\cxstoreengagementsdkfeatures\x64\debug\excluded.layout.resfiles.intermediate
d:\repos\centennialtest\cxstoreengagementsdkfeatures\x64\debug\resources.resfiles
d:\repos\centennialtest\cxstoreengagementsdkfeatures\x64\debug\resources.resfiles.intermediate
d:\repos\centennialtest\cxstoreengagementsdkfeatures\x64\debug\pri.resfiles
d:\repos\centennialtest\cxstoreengagementsdkfeatures\x64\debug\pri.resfiles.intermediate
d:\repos\centennialtest\x64\debug\cxstoreengagementsdkfeatures\cxstoreengagementsdkfeatures.pri
d:\repos\centennialtest\cxstoreengagementsdkfeatures\x64\debug\qualifiers.txt
d:\repos\centennialtest\cxstoreengagementsdkfeatures\x64\debug\qualifiers.txt.intermediate
d:\repos\centennialtest\cxstoreengagementsdkfeatures\x64\debug\multiplequalifiersperdimensionfound.txt
d:\repos\centennialtest\x64\debug\cxstoreengagementsdkfeatures\cxstoreengagementsdkfeatures.ilk
d:\repos\centennialtest\x64\debug\cxstoreengagementsdkfeatures\cxstoreengagementsdkfeatures.dll
d:\repos\centennialtest\x64\debug\cxstoreengagementsdkfeatures\cxstoreengagementsdkfeatures.pdb
d:\repos\centennialtest\cxstoreengagementsdkfeatures\x64\debug\cxstoree.8a06e4ff.tlog\cl.command.1.tlog
d:\repos\centennialtest\cxstoreengagementsdkfeatures\x64\debug\cxstoree.8a06e4ff.tlog\cl.read.1.tlog
d:\repos\centennialtest\cxstoreengagementsdkfeatures\x64\debug\cxstoree.8a06e4ff.tlog\cl.write.1.tlog
d:\repos\centennialtest\cxstoreengagementsdkfeatures\x64\debug\cxstoree.8a06e4ff.tlog\cxstoreengagementsdkfeatures.read.1u.tlog
d:\repos\centennialtest\cxstoreengagementsdkfeatures\x64\debug\cxstoree.8a06e4ff.tlog\cxstoreengagementsdkfeatures.write.1u.tlog
d:\repos\centennialtest\cxstoreengagementsdkfeatures\x64\debug\cxstoree.8a06e4ff.tlog\link.command.1.tlog
d:\repos\centennialtest\cxstoreengagementsdkfeatures\x64\debug\cxstoree.8a06e4ff.tlog\link.read.1.tlog
d:\repos\centennialtest\cxstoreengagementsdkfeatures\x64\debug\cxstoree.8a06e4ff.tlog\link.write.1.tlog
