d:\repos\winstoresdkcpp\uwpfeatures\x64\debug\uwpfeatures.pch
d:\repos\winstoresdkcpp\uwpfeatures\x64\debug\vc141.pdb
d:\repos\winstoresdkcpp\uwpfeatures\x64\debug\vc141.idb
d:\repos\winstoresdkcpp\uwpfeatures\x64\debug\stdafx.obj
d:\repos\winstoresdkcpp\uwpfeatures\x64\debug\uwpfeatures.obj
d:\repos\winstoresdkcpp\uwpfeatures\x64\debug\dllmain.obj
d:\repos\winstoresdkcpp\x64\debug\uwpfeatures.dll
d:\repos\winstoresdkcpp\x64\debug\uwpfeatures.ilk
d:\repos\winstoresdkcpp\x64\debug\uwpfeatures.pdb
d:\repos\winstoresdkcpp\x64\debug\cxstoreengagementsdkfeatures.winmd
d:\repos\winstoresdkcpp\x64\debug\cxstoreengagementsdkfeatures.pdb
d:\repos\winstoresdkcpp\x64\debug\cxstoreengagementsdkfeatures.pri
d:\repos\winstoresdkcpp\x64\debug\uwpfeatures.lib
d:\repos\winstoresdkcpp\x64\debug\uwpfeatures.exp
d:\repos\winstoresdkcpp\uwpfeatures\x64\debug\uwpfeatures.tlog\cl.command.1.tlog
d:\repos\winstoresdkcpp\uwpfeatures\x64\debug\uwpfeatures.tlog\cl.read.1.tlog
d:\repos\winstoresdkcpp\uwpfeatures\x64\debug\uwpfeatures.tlog\cl.write.1.tlog
d:\repos\winstoresdkcpp\uwpfeatures\x64\debug\uwpfeatures.tlog\link.command.1.tlog
d:\repos\winstoresdkcpp\uwpfeatures\x64\debug\uwpfeatures.tlog\link.read.1.tlog
d:\repos\winstoresdkcpp\uwpfeatures\x64\debug\uwpfeatures.tlog\link.write.1.tlog
d:\repos\winstoresdkcpp\uwpfeatures\x64\debug\uwpfeatures.tlog\uwpfeatures.write.1u.tlog
